# JRE version: OpenJDK Runtime Environment (8.0_372-b07) (build 1.8.0_372-b07)
# Java VM: OpenJDK 64-Bit Server VM (25.372-b07 mixed mode windows-amd64 compressed oops)
Heap:
 PSYoungGen      total 155136K, used 42745K [0x00000000d5580000, 0x00000000df580000, 0x0000000100000000)
  eden space 147456K, 26% used [0x00000000d5580000,0x00000000d7b8a680,0x00000000de580000)
  from space 7680K, 49% used [0x00000000de580000,0x00000000de9340c8,0x00000000ded00000)
  to   space 7680K, 0% used [0x00000000ded00000,0x00000000ded00000,0x00000000df480000)
 ParOldGen       total 43520K, used 31804K [0x0000000080000000, 0x0000000082a80000, 0x00000000d5580000)
  object space 43520K, 73% used [0x0000000080000000,0x0000000081f0f070,0x0000000082a80000)
 Metaspace       used 41666K, capacity 43638K, committed 43776K, reserved 1087488K
  class space    used 5965K, capacity 6385K, committed 6400K, reserved 1048576K
GC Heap History (10 events):
Event: 32.836 GC heap before
{Heap before GC invocations=19 (full 2):
 PSYoungGen      total 96256K, used 90624K [0x00000000d5580000, 0x00000000dbf80000, 0x0000000100000000)
  eden space 90624K, 100% used [0x00000000d5580000,0x00000000dae00000,0x00000000dae00000)
  from space 5632K, 0% used [0x00000000db500000,0x00000000db500000,0x00000000dba80000)
  to   space 7168K, 0% used [0x00000000dae00000,0x00000000dae00000,0x00000000db500000)
 ParOldGen       total 43520K, used 17462K [0x0000000080000000, 0x0000000082a80000, 0x00000000d5580000)
  object space 43520K, 40% used [0x0000000080000000,0x000000008110d9f0,0x0000000082a80000)
 Metaspace       used 39991K, capacity 41678K, committed 41984K, reserved 1085440K
  class space    used 5712K, capacity 6054K, committed 6144K, reserved 1048576K
Event: 32.874 GC heap after
Heap after GC invocations=19 (full 2):
 PSYoungGen      total 97792K, used 7160K [0x00000000d5580000, 0x00000000dd800000, 0x0000000100000000)
  eden space 90624K, 0% used [0x00000000d5580000,0x00000000d5580000,0x00000000dae00000)
  from space 7168K, 99% used [0x00000000dae00000,0x00000000db4fe238,0x00000000db500000)
  to   space 8704K, 0% used [0x00000000dcf80000,0x00000000dcf80000,0x00000000dd800000)
 ParOldGen       total 43520K, used 17808K [0x0000000080000000, 0x0000000082a80000, 0x00000000d5580000)
  object space 43520K, 40% used [0x0000000080000000,0x0000000081164120,0x0000000082a80000)
 Metaspace       used 39991K, capacity 41678K, committed 41984K, reserved 1085440K
  class space    used 5712K, capacity 6054K, committed 6144K, reserved 1048576K
}
Event: 35.712 GC heap before
{Heap before GC invocations=20 (full 2):
 PSYoungGen      total 97792K, used 97784K [0x00000000d5580000, 0x00000000dd800000, 0x0000000100000000)
  eden space 90624K, 100% used [0x00000000d5580000,0x00000000dae00000,0x00000000dae00000)
  from space 7168K, 99% used [0x00000000dae00000,0x00000000db4fe238,0x00000000db500000)
  to   space 8704K, 0% used [0x00000000dcf80000,0x00000000dcf80000,0x00000000dd800000)
 ParOldGen       total 43520K, used 17808K [0x0000000080000000, 0x0000000082a80000, 0x00000000d5580000)
  object space 43520K, 40% used [0x0000000080000000,0x0000000081164120,0x0000000082a80000)
 Metaspace       used 41523K, capacity 43390K, committed 43520K, reserved 1087488K
  class space    used 5948K, capacity 6370K, committed 6400K, reserved 1048576K
Event: 35.747 GC heap after
Heap after GC invocations=20 (full 2):
 PSYoungGen      total 123904K, used 3709K [0x00000000d5580000, 0x00000000dd700000, 0x0000000100000000)
  eden space 116224K, 0% used [0x00000000d5580000,0x00000000d5580000,0x00000000dc700000)
  from space 7680K, 48% used [0x00000000dcf80000,0x00000000dd31f790,0x00000000dd700000)
  to   space 8192K, 0% used [0x00000000dc700000,0x00000000dc700000,0x00000000dcf00000)
 ParOldGen       total 43520K, used 22968K [0x0000000080000000, 0x0000000082a80000, 0x00000000d5580000)
  object space 43520K, 52% used [0x0000000080000000,0x000000008166e040,0x0000000082a80000)
 Metaspace       used 41523K, capacity 43390K, committed 43520K, reserved 1087488K
  class space    used 5948K, capacity 6370K, committed 6400K, reserved 1048576K
}
Event: 37.072 GC heap before
{Heap before GC invocations=21 (full 2):
 PSYoungGen      total 123904K, used 119933K [0x00000000d5580000, 0x00000000dd700000, 0x0000000100000000)
  eden space 116224K, 100% used [0x00000000d5580000,0x00000000dc700000,0x00000000dc700000)
  from space 7680K, 48% used [0x00000000dcf80000,0x00000000dd31f790,0x00000000dd700000)
  to   space 8192K, 0% used [0x00000000dc700000,0x00000000dc700000,0x00000000dcf00000)
 ParOldGen       total 43520K, used 22968K [0x0000000080000000, 0x0000000082a80000, 0x00000000d5580000)
  object space 43520K, 52% used [0x0000000080000000,0x000000008166e040,0x0000000082a80000)
 Metaspace       used 41523K, capacity 43390K, committed 43520K, reserved 1087488K
  class space    used 5948K, capacity 6370K, committed 6400K, reserved 1048576K
Event: 37.080 GC heap after
Heap after GC invocations=21 (full 2):
 PSYoungGen      total 124416K, used 3346K [0x00000000d5580000, 0x00000000df480000, 0x0000000100000000)
  eden space 116224K, 0% used [0x00000000d5580000,0x00000000d5580000,0x00000000dc700000)
  from space 8192K, 40% used [0x00000000dc700000,0x00000000dca44970,0x00000000dcf00000)
  to   space 7680K, 0% used [0x00000000ded00000,0x00000000ded00000,0x00000000df480000)
 ParOldGen       total 43520K, used 25092K [0x0000000080000000, 0x0000000082a80000, 0x00000000d5580000)
  object space 43520K, 57% used [0x0000000080000000,0x0000000081881070,0x0000000082a80000)
 Metaspace       used 41523K, capacity 43390K, committed 43520K, reserved 1087488K
  class space    used 5948K, capacity 6370K, committed 6400K, reserved 1048576K
}
Event: 38.138 GC heap before
{Heap before GC invocations=22 (full 2):
 PSYoungGen      total 124416K, used 119570K [0x00000000d5580000, 0x00000000df480000, 0x0000000100000000)
  eden space 116224K, 100% used [0x00000000d5580000,0x00000000dc700000,0x00000000dc700000)
  from space 8192K, 40% used [0x00000000dc700000,0x00000000dca44970,0x00000000dcf00000)
  to   space 7680K, 0% used [0x00000000ded00000,0x00000000ded00000,0x00000000df480000)
 ParOldGen       total 43520K, used 25092K [0x0000000080000000, 0x0000000082a80000, 0x00000000d5580000)
  object space 43520K, 57% used [0x0000000080000000,0x0000000081881070,0x0000000082a80000)
 Metaspace       used 41555K, capacity 43428K, committed 43520K, reserved 1087488K
  class space    used 5957K, capacity 6379K, committed 6400K, reserved 1048576K
Event: 38.154 GC heap after
Heap after GC invocations=22 (full 2):
 PSYoungGen      total 155136K, used 3675K [0x00000000d5580000, 0x00000000df580000, 0x0000000100000000)
  eden space 147456K, 0% used [0x00000000d5580000,0x00000000d5580000,0x00000000de580000)
  from space 7680K, 47% used [0x00000000ded00000,0x00000000df096e18,0x00000000df480000)
  to   space 7680K, 0% used [0x00000000de580000,0x00000000de580000,0x00000000ded00000)
 ParOldGen       total 43520K, used 28340K [0x0000000080000000, 0x0000000082a80000, 0x00000000d5580000)
  object space 43520K, 65% used [0x0000000080000000,0x0000000081bad070,0x0000000082a80000)
 Metaspace       used 41555K, capacity 43428K, committed 43520K, reserved 1087488K
  class space    used 5957K, capacity 6379K, committed 6400K, reserved 1048576K
}
Event: 41.656 GC heap before
{Heap before GC invocations=23 (full 2):
 PSYoungGen      total 155136K, used 151131K [0x00000000d5580000, 0x00000000df580000, 0x0000000100000000)
  eden space 147456K, 100% used [0x00000000d5580000,0x00000000de580000,0x00000000de580000)
  from space 7680K, 47% used [0x00000000ded00000,0x00000000df096e18,0x00000000df480000)
  to   space 7680K, 0% used [0x00000000de580000,0x00000000de580000,0x00000000ded00000)
 ParOldGen       total 43520K, used 28340K [0x0000000080000000, 0x0000000082a80000, 0x00000000d5580000)
  object space 43520K, 65% used [0x0000000080000000,0x0000000081bad070,0x0000000082a80000)
 Metaspace       used 41589K, capacity 43556K, committed 43776K, reserved 1087488K
  class space    used 5961K, capacity 6379K, committed 6400K, reserved 1048576K
Event: 41.663 GC heap after
Heap after GC invocations=23 (full 2):
 PSYoungGen      total 155136K, used 3792K [0x00000000d5580000, 0x00000000df580000, 0x0000000100000000)
  eden space 147456K, 0% used [0x00000000d5580000,0x00000000d5580000,0x00000000de580000)
  from space 7680K, 49% used [0x00000000de580000,0x00000000de9340c8,0x00000000ded00000)
  to   space 7680K, 0% used [0x00000000ded00000,0x00000000ded00000,0x00000000df480000)
 ParOldGen       total 43520K, used 31804K [0x0000000080000000, 0x0000000082a80000, 0x00000000d5580000)
  object space 43520K, 73% used [0x0000000080000000,0x0000000081f0f070,0x0000000082a80000)
 Metaspace       used 41589K, capacity 43556K, committed 43776K, reserved 1087488K
  class space    used 5961K, capacity 6379K, committed 6400K, reserved 1048576K
}

